<?xml version="1.0" encoding="UTF-8"?>
<!-- Generated by org.testng.reporters.JUnitReportReporter -->
<testsuite hostname="DESKTOP-3N04QEA" failures="0" tests="1" name="deserializaiton.Test18" time="2.073" errors="0" timestamp="2023-03-10T17:57:02 IST" skipped="0">
  <testcase classname="deserializaiton.Test18" name="test17" time="2.073"/>
  <system-out/>
</testsuite> <!-- deserializaiton.Test18 -->
