<?xml version="1.0" encoding="UTF-8"?>
<!-- Generated by org.testng.reporters.JUnitReportReporter -->
<testsuite hostname="DESKTOP-3N04QEA" failures="0" tests="1" name="packageForSerializationAndDeserialization.Test17" time="2.136" errors="0" timestamp="2023-03-09T20:18:42 IST" skipped="0">
  <testcase classname="packageForSerializationAndDeserialization.Test17" name="test15" time="2.136"/>
  <system-out/>
</testsuite> <!-- packageForSerializationAndDeserialization.Test17 -->
