<?xml version="1.0" encoding="UTF-8"?>
<!-- Generated by org.testng.reporters.JUnitReportReporter -->
<testsuite hostname="DESKTOP-3N04QEA" failures="0" tests="1" name="packageForTest1.Test15" time="2.045" errors="0" timestamp="2023-03-07T13:18:05 IST" skipped="0">
  <testcase classname="packageForTest1.Test15" name="test15" time="2.045"/>
  <system-out/>
</testsuite> <!-- packageForTest1.Test15 -->
