<?xml version="1.0" encoding="UTF-8"?>
<!-- Generated by org.testng.reporters.JUnitReportReporter -->
<testsuite hostname="DESKTOP-3N04QEA" failures="0" tests="1" name="packageForTest1.Test7" time="3.179" errors="0" timestamp="2023-03-02T17:08:58 IST" skipped="0">
  <testcase classname="packageForTest1.Test7" name="test7" time="3.179"/>
  <system-out/>
</testsuite> <!-- packageForTest1.Test7 -->
