<?xml version="1.0" encoding="UTF-8"?>
<!-- Generated by org.testng.reporters.JUnitReportReporter -->
<testsuite hostname="DESKTOP-3N04QEA" failures="0" tests="1" name="packageForTest1.Test8" time="3.486" errors="0" timestamp="2023-03-03T12:52:03 IST" skipped="0">
  <testcase classname="packageForTest1.Test8" name="test7" time="3.486"/>
  <system-out/>
</testsuite> <!-- packageForTest1.Test8 -->
