<?xml version="1.0" encoding="UTF-8"?>
<!-- Generated by org.testng.reporters.JUnitReportReporter -->
<testsuite hostname="DESKTOP-3N04QEA" failures="0" tests="2" name="deserialization.Pojo1" time="1.967" errors="0" timestamp="2023-03-13T19:39:40 IST" skipped="1">
  <testcase classname="deserialization.Pojo1" name="getpojo1" time="1.967"/>
  <system-out/>
  <testcase classname="deserialization.Pojo1" name="pojo1">
    <skipped/>
  </testcase> <!-- pojo1 -->
  <system-out/>
</testsuite> <!-- deserialization.Pojo1 -->
