<?xml version="1.0" encoding="UTF-8"?>
<!-- Generated by org.testng.reporters.JUnitReportReporter -->
<testsuite hostname="DESKTOP-3N04QEA" failures="0" tests="3" name="deserialization.Pojo2" time="1.470" errors="0" timestamp="2023-03-13T22:39:52 IST" skipped="1">
  <testcase classname="deserialization.Pojo2" name="getpojo1" time="1.461"/>
  <system-out/>
  <testcase classname="deserialization.Pojo2" name="bb" time="0.009"/>
  <system-out/>
  <testcase classname="deserialization.Pojo2" name="pojo1">
    <skipped/>
  </testcase> <!-- pojo1 -->
  <system-out/>
</testsuite> <!-- deserialization.Pojo2 -->
