<?xml version="1.0" encoding="UTF-8"?>
<!-- Generated by org.testng.reporters.JUnitReportReporter -->
<testsuite hostname="DESKTOP-3N04QEA" failures="0" tests="1" name="packageForTest1.Test1" time="3.111" errors="0" timestamp="2023-03-07T16:38:11 IST" skipped="0">
  <testcase classname="packageForTest1.Test1" name="XmlMethod" time="3.111"/>
  <system-out/>
</testsuite> <!-- packageForTest1.Test1 -->
