<?xml version="1.0" encoding="UTF-8"?>
<!-- Generated by org.testng.reporters.JUnitReportReporter -->
<testsuite hostname="DESKTOP-3N04QEA" failures="0" tests="1" name="packageForTest1.Test6" time="82.410" errors="0" timestamp="2023-03-02T16:38:21 IST" skipped="0">
  <testcase classname="packageForTest1.Test6" name="validateres" time="82.410"/>
  <system-out/>
</testsuite> <!-- packageForTest1.Test6 -->
