<?xml version="1.0" encoding="UTF-8"?>
<!-- Generated by org.testng.reporters.JUnitReportReporter -->
<testsuite hostname="DESKTOP-3N04QEA" failures="0" tests="1" name="deserializaiton.Test19Jacksonapi" time="0.139" errors="0" timestamp="2023-03-10T18:19:11 IST" skipped="0">
  <testcase classname="deserializaiton.Test19Jacksonapi" name="createuser" time="0.139"/>
  <system-out/>
</testsuite> <!-- deserializaiton.Test19Jacksonapi -->
