<?xml version="1.0" encoding="UTF-8"?>
<!-- Generated by org.testng.reporters.JUnitReportReporter -->
<testsuite hostname="DESKTOP-3N04QEA" failures="0" tests="1" name="packageForTest1.Test1" time="3.022" errors="0" timestamp="2023-02-25T20:33:40 IST" skipped="0">
  <testcase classname="packageForTest1.Test1" name="XmlMethod" time="3.022"/>
  <system-out/>
</testsuite> <!-- packageForTest1.Test1 -->
