<?xml version="1.0" encoding="UTF-8"?>
<!-- Generated by org.testng.reporters.JUnitReportReporter -->
<testsuite hostname="DESKTOP-3N04QEA" failures="0" tests="1" name="deserializaiton.Test17" time="2.071" errors="0" timestamp="2023-03-10T11:34:20 IST" skipped="0">
  <testcase classname="deserializaiton.Test17" name="test17" time="2.071"/>
  <system-out/>
</testsuite> <!-- deserializaiton.Test17 -->
