<?xml version="1.0" encoding="UTF-8"?>
<!-- Generated by org.testng.reporters.JUnitReportReporter -->
<testsuite hostname="DESKTOP-3N04QEA" failures="0" tests="1" name="packageForTest1.Test3" time="3.957" errors="0" timestamp="2023-02-27T21:57:56 IST" skipped="0">
  <testcase classname="packageForTest1.Test3" name="Bdd_style" time="3.957"/>
  <system-out/>
</testsuite> <!-- packageForTest1.Test3 -->
