<?xml version="1.0" encoding="UTF-8"?>
<!-- Generated by org.testng.reporters.JUnitReportReporter -->
<testsuite hostname="DESKTOP-3N04QEA" failures="0" tests="1" name="deserialization.SerializationAndDeserialization" time="2.113" errors="0" timestamp="2023-03-11T20:22:59 IST" skipped="0">
  <testcase classname="deserialization.SerializationAndDeserialization" name="CreateJsonObjectFromClassObject" time="2.113"/>
  <system-out/>
</testsuite> <!-- deserialization.SerializationAndDeserialization -->
