<?xml version="1.0" encoding="UTF-8"?>
<!-- Generated by org.testng.reporters.JUnitReportReporter -->
<testsuite hostname="DESKTOP-9HJ9PCG" failures="0" tests="1" name="packageforserialization.Test1" time="7.829" errors="0" timestamp="2023-03-14T19:28:20 IST" skipped="0">
  <testcase classname="packageforserialization.Test1" name="vipin" time="7.829"/>
  <system-out/>
</testsuite> <!-- packageforserialization.Test1 -->
