<?xml version="1.0" encoding="UTF-8"?>
<!-- Generated by org.testng.reporters.JUnitReportReporter -->
<testsuite hostname="DESKTOP-3N04QEA" failures="0" tests="1" name="packageForTest1.Test11" time="1.744" errors="0" timestamp="2023-03-05T15:53:58 IST" skipped="0">
  <testcase classname="packageForTest1.Test11" name="test7" time="1.744"/>
  <system-out/>
</testsuite> <!-- packageForTest1.Test11 -->
