<?xml version="1.0" encoding="UTF-8"?>
<!-- Generated by org.testng.reporters.JUnitReportReporter -->
<testsuite hostname="DESKTOP-3N04QEA" failures="0" tests="1" name="packageforserialization.Test1" time="1.248" errors="0" timestamp="2023-03-14T16:19:24 IST" skipped="0">
  <testcase classname="packageforserialization.Test1" name="vipin" time="1.248"/>
  <system-out/>
</testsuite> <!-- packageforserialization.Test1 -->
