<?xml version="1.0" encoding="UTF-8"?>
<!-- Generated by org.testng.reporters.JUnitReportReporter -->
<testsuite hostname="DESKTOP-3N04QEA" failures="0" tests="1" name="packageforserialization.SerializationClass" time="1.237" errors="0" timestamp="2023-03-14T16:15:45 IST" skipped="0">
  <testcase classname="packageforserialization.SerializationClass" name="vipin" time="1.237"/>
  <system-out/>
</testsuite> <!-- packageforserialization.SerializationClass -->
