<?xml version="1.0" encoding="UTF-8"?>
<!-- Generated by org.testng.reporters.JUnitReportReporter -->
<testsuite hostname="DESKTOP-9HJ9PCG" failures="0" tests="1" name="packageforserialization2.Test2" time="7.650" errors="0" timestamp="2023-03-14T20:22:41 IST" skipped="0">
  <testcase classname="packageforserialization2.Test2" name="test2" time="7.650"/>
  <system-out/>
</testsuite> <!-- packageforserialization2.Test2 -->
